[debug] ----------------------------------------------------------------------
[debug] Command:      C:\Program Files\nodejs\node.exe C:\Users\Moritz Brandl\AppData\Roaming\npm\node_modules\firebase-tools\bin\firebase serve
[debug] CLI Version:  3.6.1
[debug] Platform:     win32
[debug] Node Version: v6.10.2
[debug] Time:         Fri Apr 21 2017 00:52:07 GMT+0200 (Mitteleuropäische Sommerzeit)
[debug] ----------------------------------------------------------------------
[debug] 
[debug] > command requires scopes: ["email","openid","https://www.googleapis.com/auth/cloudplatformprojects.readonly","https://www.googleapis.com/auth/firebase","https://www.googleapis.com/auth/cloud-platform"]
[debug] > refreshing access token with scopes: ["email","https://www.googleapis.com/auth/cloud-platform","https://www.googleapis.com/auth/cloudplatformprojects.readonly","https://www.googleapis.com/auth/firebase","openid"]
[debug] >>> HTTP REQUEST POST https://www.googleapis.com/oauth2/v3/token { refresh_token: '1/NKJWBZ2seRtGftc0ikdvBnI4HkP4ED3_K5bi5gvc7gY',
  client_id: '563584335869-fgrhgmd47bqnekij5i8b5pr03ho849e6.apps.googleusercontent.com',
  client_secret: 'j9iVZfS8kkCEFUPaAeJV0sAi',
  grant_type: 'refresh_token',
  scope: 'email https://www.googleapis.com/auth/cloud-platform https://www.googleapis.com/auth/cloudplatformprojects.readonly https://www.googleapis.com/auth/firebase openid' } 
 Fri Apr 21 2017 00:52:07 GMT+0200 (Mitteleuropäische Sommerzeit)
[debug] <<< HTTP RESPONSE 200
[debug] >>> HTTP REQUEST GET https://admin.firebase.com/v1/projects/captarea-da734  
 Fri Apr 21 2017 00:52:07 GMT+0200 (Mitteleuropäische Sommerzeit)
[debug] <<< HTTP RESPONSE 200
[debug] >>> HTTP REQUEST GET https://admin.firebase.com/v1/database/captarea-da734/tokens  
 Fri Apr 21 2017 00:52:08 GMT+0200 (Mitteleuropäische Sommerzeit)
[debug] <<< HTTP RESPONSE 200
[info] Starting Firebase development server...
[info] 
[info] Project Directory: C:\Users\Moritz Brandl\Documents\Studium\2. Semester\ITP2\captarea
[debug] >>> HTTP REQUEST GET https://cloudresourcemanager.googleapis.com/v1/projects/captarea-da734  
 Fri Apr 21 2017 00:52:09 GMT+0200 (Mitteleuropäische Sommerzeit)
[debug] <<< HTTP RESPONSE 200
[debug] >>> HTTP REQUEST GET https://mobilesdk-pa.googleapis.com/v1/projects/956111985082/clients/_:getWebAppConfig  
 Fri Apr 21 2017 00:52:10 GMT+0200 (Mitteleuropäische Sommerzeit)
[debug] <<< HTTP RESPONSE 200
[info] Public Directory: public
[info] 
[info] Server listening at: http://localhost:5000
